<?xml version="1.0" encoding="UTF-8"?>
<!-- Generated by org.testng.reporters.JUnitReportReporter -->
<testsuite hostname="DESKTOP-ED7RK1L" failures="0" tests="1" name="pagerepo.DashBoard" time="11.172" errors="0" timestamp="2024-03-21T19:44:03 NPT" skipped="0">
  <testcase classname="pagerepo.DashBoard" name="login" time="11.172"/>
</testsuite> <!-- pagerepo.DashBoard -->
