<?xml version="1.0" encoding="UTF-8"?>
<!-- Generated by org.testng.reporters.JUnitReportReporter -->
<testsuite hostname="DESKTOP-ED7RK1L" failures="0" tests="1" name="myproject.BaseClass" time="10.074" errors="0" timestamp="2024-03-20T19:14:51 NPT" skipped="0">
  <testcase classname="myproject.BaseClass" name="setUp" time="10.074"/>
</testsuite> <!-- myproject.BaseClass -->
