<?xml version="1.0" encoding="UTF-8"?>
<!-- Generated by org.testng.reporters.JUnitReportReporter -->
<testsuite hostname="DESKTOP-ED7RK1L" failures="0" tests="1" name="RegistrationForm.BaseTest" time="8.098" errors="0" timestamp="2024-03-20T11:13:58 NPT" skipped="0">
  <testcase classname="RegistrationForm.BaseTest" name="login" time="8.098"/>
</testsuite> <!-- RegistrationForm.BaseTest -->
