<?xml version="1.0" encoding="UTF-8"?>
<!-- Generated by org.testng.reporters.JUnitReportReporter -->
<testsuite hostname="DESKTOP-ED7RK1L" failures="0" tests="10" name="myproject.DashBoardTest" time="41.265" errors="0" timestamp="2024-04-04T10:30:31 NPT" skipped="0">
  <testcase classname="myproject.DashBoardTest" name="verifyLoginStatusText" time="4.145"/>
  <testcase classname="myproject.DashBoardTest" name="verifyGreetingText" time="3.665"/>
  <testcase classname="myproject.DashBoardTest" name="verifyTotalApplicants" time="3.477"/>
  <testcase classname="myproject.DashBoardTest" name="verifyTotalApplicantsNumber" time="4.595"/>
  <testcase classname="myproject.DashBoardTest" name="verifyTotalApplications" time="3.504"/>
  <testcase classname="myproject.DashBoardTest" name="verifyTotalApplicationsNumber" time="6.033"/>
  <testcase classname="myproject.DashBoardTest" name="verifyGrantedStudent" time="3.479"/>
  <testcase classname="myproject.DashBoardTest" name="verifyGrantedStudentNumber" time="4.460"/>
  <testcase classname="myproject.DashBoardTest" name="verifyTotalUniversities" time="3.549"/>
  <testcase classname="myproject.DashBoardTest" name="verifyTotalUniversitiesNumber" time="4.358"/>
</testsuite> <!-- myproject.DashBoardTest -->
