<?xml version="1.0" encoding="UTF-8"?>
<!-- Generated by org.testng.reporters.JUnitReportReporter -->
<testsuite hostname="DESKTOP-ED7RK1L" failures="0" tests="1" name="myproject.Login" time="10.361" errors="0" timestamp="2024-03-21T09:44:54 NPT" skipped="0">
  <testcase classname="myproject.Login" name="login" time="10.361"/>
</testsuite> <!-- myproject.Login -->
