<?xml version="1.0" encoding="UTF-8"?>
<!-- Generated by org.testng.reporters.JUnitReportReporter -->
<testsuite hostname="DESKTOP-ED7RK1L" failures="0" tests="1" name="myproject.LoginTest" time="5.591" errors="0" timestamp="2024-03-27T11:38:33 NPT" skipped="0">
  <testcase classname="myproject.LoginTest" name="loginValid" time="5.591"/>
</testsuite> <!-- myproject.LoginTest -->
